#! /opt/homebrew/Cellar/icarus-verilog/12.0/bin/vvp
:ivl_version "12.0 (stable)";
:ivl_delay_selection "TYPICAL";
:vpi_time_precision + 0;
:vpi_module "/opt/homebrew/Cellar/icarus-verilog/12.0/lib/ivl/system.vpi";
:vpi_module "/opt/homebrew/Cellar/icarus-verilog/12.0/lib/ivl/vhdl_sys.vpi";
:vpi_module "/opt/homebrew/Cellar/icarus-verilog/12.0/lib/ivl/vhdl_textio.vpi";
:vpi_module "/opt/homebrew/Cellar/icarus-verilog/12.0/lib/ivl/v2005_math.vpi";
:vpi_module "/opt/homebrew/Cellar/icarus-verilog/12.0/lib/ivl/va_math.vpi";
S_0x12c7041c0 .scope module, "testbench" "testbench" 2 1;
 .timescale 0 0;
v0x6000018c9830_0 .net "active", 0 0, v0x6000018c8e10_0;  1 drivers
v0x6000018c98c0_0 .net "b", 0 0, L_0x600001bc8460;  1 drivers
v0x6000018c9950_0 .var "clk", 0 0;
v0x6000018c99e0_0 .var "on", 1 0;
v0x6000018c9a70_0 .net "regime", 1 0, v0x6000018c90e0_0;  1 drivers
v0x6000018c9b00_0 .var "rst", 0 0;
v0x6000018c9b90_0 .net "s", 2 0, v0x6000018c8750_0;  1 drivers
v0x6000018c9c20_0 .var "start", 0 0;
v0x6000018c9cb0_0 .var "x", 7 0;
v0x6000018c9d40_0 .net "y", 7 0, v0x6000018c8b40_0;  1 drivers
S_0x12c704330 .scope module, "_main" "main" 2 98, 3 4 0, S_0x12c7041c0;
 .timescale 0 0;
    .port_info 0 /INPUT 8 "x";
    .port_info 1 /INPUT 2 "on";
    .port_info 2 /INPUT 1 "start";
    .port_info 3 /OUTPUT 8 "y";
    .port_info 4 /OUTPUT 3 "s";
    .port_info 5 /OUTPUT 1 "b";
    .port_info 6 /OUTPUT 2 "regime";
    .port_info 7 /OUTPUT 1 "active";
    .port_info 8 /INPUT 1 "clk";
    .port_info 9 /INPUT 1 "rst";
v0x6000018c8e10_0 .var "active", 0 0;
v0x6000018c8ea0_0 .net "b", 0 0, L_0x600001bc8460;  alias, 1 drivers
v0x6000018c8f30_0 .net "clk", 0 0, v0x6000018c9950_0;  1 drivers
v0x6000018c8fc0_0 .var "count", 2 0;
v0x6000018c9050_0 .net "on", 1 0, v0x6000018c99e0_0;  1 drivers
v0x6000018c90e0_0 .var "regime", 1 0;
v0x6000018c9170_0 .net "rst", 0 0, v0x6000018c9b00_0;  1 drivers
v0x6000018c9200_0 .net "s", 2 0, v0x6000018c8750_0;  alias, 1 drivers
v0x6000018c9290_0 .var "s_en", 0 0;
v0x6000018c9320_0 .var "s_step", 1 0;
v0x6000018c93b0_0 .var "s_sub", 0 0;
v0x6000018c9440_0 .var "s_zero", 0 0;
v0x6000018c94d0_0 .net "start", 0 0, v0x6000018c9c20_0;  1 drivers
v0x6000018c9560_0 .net "x", 7 0, v0x6000018c9cb0_0;  1 drivers
v0x6000018c95f0_0 .net "y", 7 0, v0x6000018c8b40_0;  alias, 1 drivers
v0x6000018c9680_0 .var "y_en", 0 0;
v0x6000018c9710_0 .var "y_select_next", 1 0;
v0x6000018c97a0_0 .var "y_upd", 0 0;
S_0x12c7044a0 .scope module, "_datapath" "datapath" 3 21, 4 2 0, S_0x12c704330;
 .timescale 0 0;
    .port_info 0 /INPUT 8 "x";
    .port_info 1 /OUTPUT 8 "y";
    .port_info 2 /OUTPUT 3 "s";
    .port_info 3 /OUTPUT 1 "b";
    .port_info 4 /INPUT 1 "s_en";
    .port_info 5 /INPUT 2 "s_step";
    .port_info 6 /INPUT 1 "s_sub";
    .port_info 7 /INPUT 1 "s_zero";
    .port_info 8 /INPUT 1 "y_en";
    .port_info 9 /INPUT 2 "y_select_next";
    .port_info 10 /INPUT 1 "y_upd";
    .port_info 11 /INPUT 1 "clk";
    .port_info 12 /INPUT 1 "rst";
L_0x120050010 .functor BUFT 1, C4<000>, C4<0>, C4<0>, C4<0>;
v0x6000018c8000_0 .net/2u *"_ivl_0", 2 0, L_0x120050010;  1 drivers
L_0x1200500a0 .functor BUFT 1, C4<000>, C4<0>, C4<0>, C4<0>;
v0x6000018c8090_0 .net/2u *"_ivl_10", 2 0, L_0x1200500a0;  1 drivers
v0x6000018c8120_0 .net *"_ivl_12", 2 0, L_0x600001bc81e0;  1 drivers
v0x6000018c81b0_0 .net *"_ivl_14", 2 0, L_0x600001bc8280;  1 drivers
L_0x1200500e8 .functor BUFT 1, C4<0>, C4<0>, C4<0>, C4<0>;
v0x6000018c8240_0 .net *"_ivl_17", 0 0, L_0x1200500e8;  1 drivers
v0x6000018c82d0_0 .net *"_ivl_18", 2 0, L_0x600001bc8320;  1 drivers
v0x6000018c8360_0 .net *"_ivl_2", 2 0, L_0x600001bc8000;  1 drivers
v0x6000018c83f0_0 .net *"_ivl_4", 2 0, L_0x600001bc80a0;  1 drivers
L_0x120050058 .functor BUFT 1, C4<0>, C4<0>, C4<0>, C4<0>;
v0x6000018c8480_0 .net *"_ivl_7", 0 0, L_0x120050058;  1 drivers
v0x6000018c8510_0 .net *"_ivl_8", 2 0, L_0x600001bc8140;  1 drivers
v0x6000018c85a0_0 .net "b", 0 0, L_0x600001bc8460;  alias, 1 drivers
v0x6000018c8630_0 .net "clk", 0 0, v0x6000018c9950_0;  alias, 1 drivers
v0x6000018c86c0_0 .net "rst", 0 0, v0x6000018c9b00_0;  alias, 1 drivers
v0x6000018c8750_0 .var "s", 2 0;
v0x6000018c87e0_0 .net "s_en", 0 0, v0x6000018c9290_0;  1 drivers
v0x6000018c8870_0 .net "s_next", 2 0, L_0x600001bc83c0;  1 drivers
v0x6000018c8900_0 .net "s_step", 1 0, v0x6000018c9320_0;  1 drivers
v0x6000018c8990_0 .net "s_sub", 0 0, v0x6000018c93b0_0;  1 drivers
v0x6000018c8a20_0 .net "s_zero", 0 0, v0x6000018c9440_0;  1 drivers
v0x6000018c8ab0_0 .net "x", 7 0, v0x6000018c9cb0_0;  alias, 1 drivers
v0x6000018c8b40_0 .var "y", 7 0;
v0x6000018c8bd0_0 .net "y_en", 0 0, v0x6000018c9680_0;  1 drivers
v0x6000018c8c60_0 .var "y_next", 7 0;
v0x6000018c8cf0_0 .net "y_select_next", 1 0, v0x6000018c9710_0;  1 drivers
v0x6000018c8d80_0 .net "y_upd", 0 0, v0x6000018c97a0_0;  1 drivers
E_0x600003fc8080 .event posedge, v0x6000018c86c0_0, v0x6000018c8630_0;
E_0x600003fc8140/0 .event anyedge, v0x6000018c8d80_0, v0x6000018c8cf0_0, v0x6000018c8b40_0, v0x6000018c8750_0;
E_0x600003fc8140/1 .event anyedge, v0x6000018c8ab0_0;
E_0x600003fc8140 .event/or E_0x600003fc8140/0, E_0x600003fc8140/1;
L_0x600001bc8000 .functor MUXZ 3, v0x6000018c8750_0, L_0x120050010, v0x6000018c9440_0, C4<>;
L_0x600001bc80a0 .concat [ 2 1 0 0], v0x6000018c9320_0, L_0x120050058;
L_0x600001bc8140 .arith/sub 3, L_0x600001bc8000, L_0x600001bc80a0;
L_0x600001bc81e0 .functor MUXZ 3, v0x6000018c8750_0, L_0x1200500a0, v0x6000018c9440_0, C4<>;
L_0x600001bc8280 .concat [ 2 1 0 0], v0x6000018c9320_0, L_0x1200500e8;
L_0x600001bc8320 .arith/sum 3, L_0x600001bc81e0, L_0x600001bc8280;
L_0x600001bc83c0 .functor MUXZ 3, L_0x600001bc8320, L_0x600001bc8140, v0x6000018c93b0_0, C4<>;
L_0x600001bc8460 .part/v v0x6000018c8b40_0, v0x6000018c8750_0, 1;
    .scope S_0x12c7044a0;
T_0 ;
    %wait E_0x600003fc8080;
    %load/vec4 v0x6000018c86c0_0;
    %flag_set/vec4 8;
    %jmp/0xz  T_0.0, 8;
    %pushi/vec4 0, 0, 3;
    %assign/vec4 v0x6000018c8750_0, 0;
    %jmp T_0.1;
T_0.0 ;
    %load/vec4 v0x6000018c87e0_0;
    %flag_set/vec4 8;
    %jmp/0xz  T_0.2, 8;
    %load/vec4 v0x6000018c8870_0;
    %assign/vec4 v0x6000018c8750_0, 0;
T_0.2 ;
T_0.1 ;
    %jmp T_0;
    .thread T_0;
    .scope S_0x12c7044a0;
T_1 ;
    %wait E_0x600003fc8140;
    %load/vec4 v0x6000018c8d80_0;
    %flag_set/vec4 8;
    %jmp/0xz  T_1.0, 8;
    %load/vec4 v0x6000018c8cf0_0;
    %dup/vec4;
    %pushi/vec4 0, 0, 2;
    %cmp/u;
    %jmp/1 T_1.2, 6;
    %dup/vec4;
    %pushi/vec4 1, 0, 2;
    %cmp/u;
    %jmp/1 T_1.3, 6;
    %dup/vec4;
    %pushi/vec4 2, 0, 2;
    %cmp/u;
    %jmp/1 T_1.4, 6;
    %dup/vec4;
    %pushi/vec4 3, 0, 2;
    %cmp/u;
    %jmp/1 T_1.5, 6;
    %pushi/vec4 255, 255, 8;
    %store/vec4 v0x6000018c8c60_0, 0, 8;
    %jmp T_1.7;
T_1.2 ;
    %load/vec4 v0x6000018c8b40_0;
    %store/vec4 v0x6000018c8c60_0, 0, 8;
    %jmp T_1.7;
T_1.3 ;
    %load/vec4 v0x6000018c8b40_0;
    %load/vec4 v0x6000018c8750_0;
    %pad/u 8;
    %add;
    %store/vec4 v0x6000018c8c60_0, 0, 8;
    %jmp T_1.7;
T_1.4 ;
    %load/vec4 v0x6000018c8b40_0;
    %load/vec4 v0x6000018c8750_0;
    %pad/u 8;
    %sub;
    %store/vec4 v0x6000018c8c60_0, 0, 8;
    %jmp T_1.7;
T_1.5 ;
    %load/vec4 v0x6000018c8b40_0;
    %addi 1, 0, 8;
    %store/vec4 v0x6000018c8c60_0, 0, 8;
    %jmp T_1.7;
T_1.7 ;
    %pop/vec4 1;
    %jmp T_1.1;
T_1.0 ;
    %load/vec4 v0x6000018c8ab0_0;
    %store/vec4 v0x6000018c8c60_0, 0, 8;
T_1.1 ;
    %jmp T_1;
    .thread T_1, $push;
    .scope S_0x12c7044a0;
T_2 ;
    %wait E_0x600003fc8080;
    %load/vec4 v0x6000018c86c0_0;
    %flag_set/vec4 8;
    %jmp/0xz  T_2.0, 8;
    %pushi/vec4 0, 0, 8;
    %assign/vec4 v0x6000018c8b40_0, 0;
    %jmp T_2.1;
T_2.0 ;
    %load/vec4 v0x6000018c8bd0_0;
    %flag_set/vec4 8;
    %jmp/0xz  T_2.2, 8;
    %load/vec4 v0x6000018c8c60_0;
    %assign/vec4 v0x6000018c8b40_0, 0;
T_2.2 ;
T_2.1 ;
    %jmp T_2;
    .thread T_2;
    .scope S_0x12c704330;
T_3 ;
    %wait E_0x600003fc8080;
    %load/vec4 v0x6000018c9170_0;
    %flag_set/vec4 8;
    %jmp/0xz  T_3.0, 8;
    %pushi/vec4 0, 0, 2;
    %assign/vec4 v0x6000018c90e0_0, 0;
    %jmp T_3.1;
T_3.0 ;
    %load/vec4 v0x6000018c90e0_0;
    %pad/u 32;
    %cmpi/e 0, 0, 32;
    %jmp/0xz  T_3.2, 6;
    %pushi/vec4 0, 0, 1;
    %assign/vec4 v0x6000018c9290_0, 0;
    %pushi/vec4 0, 0, 1;
    %assign/vec4 v0x6000018c9680_0, 0;
    %pushi/vec4 0, 0, 1;
    %assign/vec4 v0x6000018c8e10_0, 0;
    %load/vec4 v0x6000018c9050_0;
    %assign/vec4 v0x6000018c90e0_0, 0;
T_3.2 ;
    %load/vec4 v0x6000018c90e0_0;
    %pad/u 32;
    %cmpi/e 1, 0, 32;
    %jmp/0xz  T_3.4, 6;
    %load/vec4 v0x6000018c94d0_0;
    %flag_set/vec4 8;
    %jmp/0xz  T_3.6, 8;
    %pushi/vec4 1, 0, 1;
    %assign/vec4 v0x6000018c8e10_0, 0;
    %pushi/vec4 1, 0, 1;
    %assign/vec4 v0x6000018c9290_0, 0;
    %pushi/vec4 1, 0, 1;
    %assign/vec4 v0x6000018c9440_0, 0;
    %pushi/vec4 0, 0, 1;
    %assign/vec4 v0x6000018c93b0_0, 0;
    %pushi/vec4 0, 0, 2;
    %assign/vec4 v0x6000018c9320_0, 0;
    %pushi/vec4 0, 0, 3;
    %assign/vec4 v0x6000018c8fc0_0, 0;
    %jmp T_3.7;
T_3.6 ;
    %pushi/vec4 0, 0, 1;
    %assign/vec4 v0x6000018c8e10_0, 0;
T_3.7 ;
    %load/vec4 v0x6000018c8e10_0;
    %pad/u 32;
    %cmpi/e 1, 0, 32;
    %jmp/0xz  T_3.8, 6;
    %load/vec4 v0x6000018c8fc0_0;
    %pad/u 32;
    %cmpi/e 0, 0, 32;
    %jmp/0xz  T_3.10, 6;
    %pushi/vec4 1, 0, 1;
    %assign/vec4 v0x6000018c9290_0, 0;
    %pushi/vec4 0, 0, 1;
    %assign/vec4 v0x6000018c9440_0, 0;
    %pushi/vec4 0, 0, 1;
    %assign/vec4 v0x6000018c93b0_0, 0;
    %pushi/vec4 2, 0, 2;
    %assign/vec4 v0x6000018c9320_0, 0;
    %pushi/vec4 1, 0, 3;
    %assign/vec4 v0x6000018c8fc0_0, 0;
    %jmp T_3.11;
T_3.10 ;
    %load/vec4 v0x6000018c8fc0_0;
    %pad/u 32;
    %cmpi/e 1, 0, 32;
    %jmp/0xz  T_3.12, 6;
    %pushi/vec4 1, 0, 1;
    %assign/vec4 v0x6000018c9290_0, 0;
    %pushi/vec4 0, 0, 1;
    %assign/vec4 v0x6000018c9440_0, 0;
    %pushi/vec4 0, 0, 1;
    %assign/vec4 v0x6000018c93b0_0, 0;
    %pushi/vec4 2, 0, 2;
    %assign/vec4 v0x6000018c9320_0, 0;
    %pushi/vec4 2, 0, 3;
    %assign/vec4 v0x6000018c8fc0_0, 0;
    %jmp T_3.13;
T_3.12 ;
    %load/vec4 v0x6000018c8fc0_0;
    %pad/u 32;
    %cmpi/e 2, 0, 32;
    %jmp/0xz  T_3.14, 6;
    %pushi/vec4 1, 0, 1;
    %assign/vec4 v0x6000018c9290_0, 0;
    %pushi/vec4 0, 0, 1;
    %assign/vec4 v0x6000018c9440_0, 0;
    %pushi/vec4 0, 0, 1;
    %assign/vec4 v0x6000018c93b0_0, 0;
    %pushi/vec4 2, 0, 2;
    %assign/vec4 v0x6000018c9320_0, 0;
    %pushi/vec4 3, 0, 3;
    %assign/vec4 v0x6000018c8fc0_0, 0;
    %jmp T_3.15;
T_3.14 ;
    %load/vec4 v0x6000018c8fc0_0;
    %pad/u 32;
    %cmpi/e 3, 0, 32;
    %jmp/0xz  T_3.16, 6;
    %pushi/vec4 0, 0, 1;
    %assign/vec4 v0x6000018c9290_0, 0;
    %pushi/vec4 4, 0, 3;
    %assign/vec4 v0x6000018c8fc0_0, 0;
    %jmp T_3.17;
T_3.16 ;
    %load/vec4 v0x6000018c8fc0_0;
    %pad/u 32;
    %cmpi/e 4, 0, 32;
    %jmp/0xz  T_3.18, 6;
    %pushi/vec4 1, 0, 1;
    %assign/vec4 v0x6000018c9290_0, 0;
    %pushi/vec4 1, 0, 1;
    %assign/vec4 v0x6000018c9440_0, 0;
    %pushi/vec4 0, 0, 1;
    %assign/vec4 v0x6000018c93b0_0, 0;
    %pushi/vec4 0, 0, 2;
    %assign/vec4 v0x6000018c9320_0, 0;
    %pushi/vec4 0, 0, 2;
    %assign/vec4 v0x6000018c90e0_0, 0;
    %pushi/vec4 0, 0, 3;
    %assign/vec4 v0x6000018c8fc0_0, 0;
T_3.18 ;
T_3.17 ;
T_3.15 ;
T_3.13 ;
T_3.11 ;
T_3.8 ;
    %jmp T_3.5;
T_3.4 ;
    %load/vec4 v0x6000018c90e0_0;
    %pad/u 32;
    %cmpi/e 2, 0, 32;
    %jmp/0xz  T_3.20, 6;
    %load/vec4 v0x6000018c94d0_0;
    %flag_set/vec4 8;
    %jmp/0xz  T_3.22, 8;
    %load/vec4 v0x6000018c9200_0;
    %pad/u 32;
    %cmpi/e 7, 0, 32;
    %jmp/0xz  T_3.24, 6;
    %pushi/vec4 1, 0, 1;
    %assign/vec4 v0x6000018c9680_0, 0;
    %pushi/vec4 1, 0, 1;
    %assign/vec4 v0x6000018c97a0_0, 0;
    %pushi/vec4 3, 0, 2;
    %assign/vec4 v0x6000018c9710_0, 0;
T_3.24 ;
    %pushi/vec4 1, 0, 1;
    %assign/vec4 v0x6000018c9290_0, 0;
    %pushi/vec4 0, 0, 1;
    %assign/vec4 v0x6000018c8e10_0, 0;
    %pushi/vec4 1, 0, 2;
    %assign/vec4 v0x6000018c9320_0, 0;
    %pushi/vec4 1, 0, 1;
    %assign/vec4 v0x6000018c93b0_0, 0;
    %pushi/vec4 0, 0, 1;
    %assign/vec4 v0x6000018c9440_0, 0;
    %jmp T_3.23;
T_3.22 ;
    %pushi/vec4 0, 0, 1;
    %assign/vec4 v0x6000018c9290_0, 0;
    %pushi/vec4 0, 0, 1;
    %assign/vec4 v0x6000018c9680_0, 0;
    %pushi/vec4 0, 0, 2;
    %assign/vec4 v0x6000018c90e0_0, 0;
    %pushi/vec4 0, 0, 3;
    %assign/vec4 v0x6000018c8fc0_0, 0;
T_3.23 ;
    %jmp T_3.21;
T_3.20 ;
    %load/vec4 v0x6000018c90e0_0;
    %pad/u 32;
    %cmpi/e 3, 0, 32;
    %jmp/0xz  T_3.26, 6;
    %pushi/vec4 0, 0, 1;
    %assign/vec4 v0x6000018c8e10_0, 0;
    %load/vec4 v0x6000018c8fc0_0;
    %pad/u 32;
    %cmpi/e 0, 0, 32;
    %jmp/0xz  T_3.28, 6;
    %pushi/vec4 1, 0, 1;
    %assign/vec4 v0x6000018c9680_0, 0;
    %pushi/vec4 0, 0, 1;
    %assign/vec4 v0x6000018c97a0_0, 0;
    %pushi/vec4 1, 0, 3;
    %assign/vec4 v0x6000018c8fc0_0, 0;
    %jmp T_3.29;
T_3.28 ;
    %load/vec4 v0x6000018c8fc0_0;
    %pad/u 32;
    %cmpi/e 1, 0, 32;
    %jmp/0xz  T_3.30, 6;
    %pushi/vec4 1, 0, 1;
    %assign/vec4 v0x6000018c9680_0, 0;
    %pushi/vec4 1, 0, 1;
    %assign/vec4 v0x6000018c97a0_0, 0;
    %pushi/vec4 2, 0, 2;
    %assign/vec4 v0x6000018c9710_0, 0;
    %pushi/vec4 2, 0, 3;
    %assign/vec4 v0x6000018c8fc0_0, 0;
    %jmp T_3.31;
T_3.30 ;
    %load/vec4 v0x6000018c8fc0_0;
    %pad/u 32;
    %cmpi/e 2, 0, 32;
    %jmp/0xz  T_3.32, 6;
    %pushi/vec4 0, 0, 1;
    %assign/vec4 v0x6000018c9680_0, 0;
    %pushi/vec4 1, 0, 1;
    %assign/vec4 v0x6000018c9290_0, 0;
    %pushi/vec4 1, 0, 2;
    %assign/vec4 v0x6000018c9320_0, 0;
    %pushi/vec4 0, 0, 1;
    %assign/vec4 v0x6000018c93b0_0, 0;
    %pushi/vec4 0, 0, 1;
    %assign/vec4 v0x6000018c9440_0, 0;
    %pushi/vec4 3, 0, 3;
    %assign/vec4 v0x6000018c8fc0_0, 0;
    %jmp T_3.33;
T_3.32 ;
    %load/vec4 v0x6000018c8fc0_0;
    %pad/u 32;
    %cmpi/e 3, 0, 32;
    %jmp/0xz  T_3.34, 6;
    %pushi/vec4 0, 0, 1;
    %assign/vec4 v0x6000018c9290_0, 0;
    %pushi/vec4 0, 0, 1;
    %assign/vec4 v0x6000018c9680_0, 0;
    %pushi/vec4 4, 0, 3;
    %assign/vec4 v0x6000018c8fc0_0, 0;
    %jmp T_3.35;
T_3.34 ;
    %load/vec4 v0x6000018c8fc0_0;
    %pad/u 32;
    %cmpi/e 4, 0, 32;
    %jmp/0xz  T_3.36, 6;
    %pushi/vec4 0, 0, 2;
    %assign/vec4 v0x6000018c90e0_0, 0;
    %pushi/vec4 0, 0, 3;
    %assign/vec4 v0x6000018c8fc0_0, 0;
T_3.36 ;
T_3.35 ;
T_3.33 ;
T_3.31 ;
T_3.29 ;
T_3.26 ;
T_3.21 ;
T_3.5 ;
T_3.1 ;
    %jmp T_3;
    .thread T_3;
    .scope S_0x12c7041c0;
T_4 ;
    %pushi/vec4 0, 0, 1;
    %store/vec4 v0x6000018c9950_0, 0, 1;
    %end;
    .thread T_4;
    .scope S_0x12c7041c0;
T_5 ;
    %delay 5, 0;
    %load/vec4 v0x6000018c9950_0;
    %inv;
    %store/vec4 v0x6000018c9950_0, 0, 1;
    %jmp T_5;
    .thread T_5;
    .scope S_0x12c7041c0;
T_6 ;
    %vpi_call 2 15 "$dumpfile", "test.vcd" {0 0 0};
    %pushi/vec4 1, 0, 1;
    %store/vec4 v0x6000018c9b00_0, 0, 1;
    %delay 1, 0;
    %pushi/vec4 0, 0, 1;
    %store/vec4 v0x6000018c9b00_0, 0, 1;
    %pushi/vec4 2, 0, 2;
    %store/vec4 v0x6000018c99e0_0, 0, 2;
    %vpi_call 2 21 "$dumpvars" {0 0 0};
    %delay 10, 0;
    %pushi/vec4 1, 0, 1;
    %store/vec4 v0x6000018c9c20_0, 0, 1;
    %vpi_call 2 25 "$dumpvars" {0 0 0};
    %delay 10, 0;
    %vpi_call 2 28 "$dumpvars" {0 0 0};
    %delay 10, 0;
    %vpi_call 2 31 "$dumpvars" {0 0 0};
    %delay 10, 0;
    %vpi_call 2 34 "$dumpvars" {0 0 0};
    %delay 10, 0;
    %vpi_call 2 37 "$dumpvars" {0 0 0};
    %delay 10, 0;
    %pushi/vec4 0, 0, 1;
    %store/vec4 v0x6000018c9c20_0, 0, 1;
    %pushi/vec4 3, 0, 2;
    %store/vec4 v0x6000018c99e0_0, 0, 2;
    %pushi/vec4 25, 0, 8;
    %store/vec4 v0x6000018c9cb0_0, 0, 8;
    %vpi_call 2 43 "$dumpvars" {0 0 0};
    %delay 10, 0;
    %vpi_call 2 46 "$dumpvars" {0 0 0};
    %delay 10, 0;
    %vpi_call 2 49 "$dumpvars" {0 0 0};
    %delay 10, 0;
    %vpi_call 2 52 "$dumpvars" {0 0 0};
    %delay 10, 0;
    %vpi_call 2 55 "$dumpvars" {0 0 0};
    %delay 10, 0;
    %vpi_call 2 58 "$dumpvars" {0 0 0};
    %delay 10, 0;
    %pushi/vec4 1, 0, 2;
    %store/vec4 v0x6000018c99e0_0, 0, 2;
    %pushi/vec4 0, 0, 1;
    %store/vec4 v0x6000018c9c20_0, 0, 1;
    %vpi_call 2 63 "$dumpvars" {0 0 0};
    %delay 10, 0;
    %vpi_call 2 66 "$dumpvars" {0 0 0};
    %delay 10, 0;
    %pushi/vec4 1, 0, 1;
    %store/vec4 v0x6000018c9c20_0, 0, 1;
    %vpi_call 2 70 "$dumpvars" {0 0 0};
    %delay 10, 0;
    %vpi_call 2 73 "$dumpvars" {0 0 0};
    %delay 10, 0;
    %vpi_call 2 76 "$dumpvars" {0 0 0};
    %delay 10, 0;
    %vpi_call 2 79 "$dumpvars" {0 0 0};
    %delay 10, 0;
    %vpi_call 2 82 "$dumpvars" {0 0 0};
    %delay 10, 0;
    %vpi_call 2 85 "$dumpvars" {0 0 0};
    %delay 10, 0;
    %vpi_call 2 88 "$dumpvars" {0 0 0};
    %delay 10, 0;
    %vpi_call 2 91 "$dumpvars" {0 0 0};
    %delay 10, 0;
    %vpi_call 2 94 "$dumpvars" {0 0 0};
    %vpi_call 2 95 "$finish" {0 0 0};
    %end;
    .thread T_6;
    .scope S_0x12c7041c0;
T_7 ;
    %vpi_call 2 112 "$monitor", "At time %t, x=%h, y=%h, on=%h, start=%h, s=%h, b=%h, active=%h, regime=%h", $time, v0x6000018c9cb0_0, v0x6000018c9d40_0, v0x6000018c99e0_0, v0x6000018c9c20_0, v0x6000018c9b90_0, v0x6000018c98c0_0, v0x6000018c9830_0, v0x6000018c9a70_0 {0 0 0};
    %end;
    .thread T_7;
# The file index is used to find the file name in the following table.
:file_names 5;
    "N/A";
    "<interactive>";
    "testbench.v";
    "main.v";
    "datapath.v";
